<?xml version="1.0" encoding="UTF-8"?>
<!-- Generated by org.testng.reporters.JUnitXMLReporter -->
<testsuite hostname="LAPTOP-1IA10FT6" ignored="6" name="Houseboat Login" tests="6" failures="0" timestamp="2020-04-13T00:58:56 IST" time="51.683" errors="0">
  <testcase name="homePage" time="2.54" classname="com.houseboat.pages.HomePageTest"/>
  <testcase name="getStarted" time="10.048" classname="com.houseboat.pages.LoginPageTest"/>
  <testcase name="hbLogin" time="3.654" classname="com.houseboat.pages.LoginHouseboatTest"/>
  <testcase name="clickAddBtn" time="5.74" classname="com.houseboat.pages.AddHouseboatTest"/>
  <testcase name="addNewHouseboat" time="3.299" classname="com.houseboat.pages.NewHouseboatTest"/>
  <testcase name="getStarted" time="6.063" classname="com.houseboat.pages.LogoutProfileTest"/>
  <testcase name="@BeforeTest openUrl" time="0.0" classname="com.houseboat.pages.InitialTest">
    <ignored/>
  </testcase> <!-- @BeforeTest openUrl -->
  <testcase name="@BeforeTest openUrl" time="0.0" classname="com.houseboat.pages.InitialTest">
    <ignored/>
  </testcase> <!-- @BeforeTest openUrl -->
  <testcase name="@BeforeTest openUrl" time="0.0" classname="com.houseboat.pages.InitialTest">
    <ignored/>
  </testcase> <!-- @BeforeTest openUrl -->
  <testcase name="@BeforeTest openUrl" time="0.0" classname="com.houseboat.pages.InitialTest">
    <ignored/>
  </testcase> <!-- @BeforeTest openUrl -->
  <testcase name="@BeforeTest openUrl" time="0.0" classname="com.houseboat.pages.InitialTest">
    <ignored/>
  </testcase> <!-- @BeforeTest openUrl -->
  <testcase name="@BeforeTest openUrl" time="0.0" classname="com.houseboat.pages.InitialTest">
    <ignored/>
  </testcase> <!-- @BeforeTest openUrl -->
</testsuite> <!-- Houseboat Login -->
