<?xml version="1.0" encoding="UTF-8"?>
<!-- Generated by org.testng.reporters.JUnitXMLReporter -->
<testsuite hostname="LAPTOP-1IA10FT6" ignored="4" name="Houseboat Auth Login" tests="4" failures="0" timestamp="2020-04-13T00:59:38 IST" time="41.69" errors="0">
  <testcase name="homePage" time="2.485" classname="com.houseboat.pages.HomePageTest"/>
  <testcase name="getStarted" time="9.574" classname="com.houseboat.pages.LoginPageTest"/>
  <testcase name="googleSignIn" time="12.174" classname="com.houseboat.pages.AuthSignInTest"/>
  <testcase name="getEmail" time="2.993" classname="com.houseboat.pages.GoogleSignInTest"/>
  <testcase name="@BeforeTest openUrl" time="0.0" classname="com.houseboat.pages.InitialTest">
    <ignored/>
  </testcase> <!-- @BeforeTest openUrl -->
  <testcase name="@BeforeTest openUrl" time="0.0" classname="com.houseboat.pages.InitialTest">
    <ignored/>
  </testcase> <!-- @BeforeTest openUrl -->
  <testcase name="@BeforeTest openUrl" time="0.0" classname="com.houseboat.pages.InitialTest">
    <ignored/>
  </testcase> <!-- @BeforeTest openUrl -->
  <testcase name="@BeforeTest openUrl" time="0.0" classname="com.houseboat.pages.InitialTest">
    <ignored/>
  </testcase> <!-- @BeforeTest openUrl -->
</testsuite> <!-- Houseboat Auth Login -->
