<?xml version="1.0" encoding="UTF-8"?>
<!-- Generated by org.testng.reporters.JUnitXMLReporter -->
<testsuite hostname="LAPTOP-1IA10FT6" ignored="7" name="Houseboat Login" tests="7" failures="0" timestamp="2020-04-16T01:58:57 IST" time="60.336" errors="0">
  <testcase name="homePage" time="2.414" classname="com.houseboat.pages.HomePageTest"/>
  <testcase name="getStarted" time="9.383" classname="com.houseboat.pages.LoginPageTest"/>
  <testcase name="houseboatSignup" time="7.091" classname="com.houseboat.pages.SignUpPageTest"/>
  <testcase name="clickAddBtn" time="6.39" classname="com.houseboat.pages.AddHouseboatTest"/>
  <testcase name="addNewHouseboat" time="3.308" classname="com.houseboat.pages.NewHouseboatTest"/>
  <testcase name="deleteHouseboat" time="8.441" classname="com.houseboat.pages.DeleteHouseboatTest"/>
  <testcase name="logout" time="5.85" classname="com.houseboat.pages.LogoutProfileTest"/>
  <testcase name="@BeforeTest openUrl" time="0.0" classname="com.houseboat.pages.InitialTest">
    <ignored/>
  </testcase> <!-- @BeforeTest openUrl -->
  <testcase name="@BeforeTest openUrl" time="0.0" classname="com.houseboat.pages.InitialTest">
    <ignored/>
  </testcase> <!-- @BeforeTest openUrl -->
  <testcase name="@BeforeTest openUrl" time="0.0" classname="com.houseboat.pages.InitialTest">
    <ignored/>
  </testcase> <!-- @BeforeTest openUrl -->
  <testcase name="@BeforeTest openUrl" time="0.0" classname="com.houseboat.pages.InitialTest">
    <ignored/>
  </testcase> <!-- @BeforeTest openUrl -->
  <testcase name="@BeforeTest openUrl" time="0.0" classname="com.houseboat.pages.InitialTest">
    <ignored/>
  </testcase> <!-- @BeforeTest openUrl -->
  <testcase name="@BeforeTest openUrl" time="0.0" classname="com.houseboat.pages.InitialTest">
    <ignored/>
  </testcase> <!-- @BeforeTest openUrl -->
  <testcase name="@BeforeTest openUrl" time="0.0" classname="com.houseboat.pages.InitialTest">
    <ignored/>
  </testcase> <!-- @BeforeTest openUrl -->
</testsuite> <!-- Houseboat Login -->
