<?xml version="1.0" encoding="UTF-8"?>
<!-- Generated by org.testng.reporters.JUnitXMLReporter -->
<testsuite hostname="LAPTOP-1IA10FT6" ignored="4" name="Houseboat Sign up" tests="4" failures="0" timestamp="2020-04-23T00:24:24 IST" time="46.428" errors="0">
  <testcase name="homePage" time="2.512" classname="com.houseboat.pages.HomePageTest"/>
  <testcase name="getStarted" time="9.333" classname="com.houseboat.pages.LoginPageTest"/>
  <testcase name="houseboatSignup" time="6.822" classname="com.houseboat.pages.SignUpPageTest"/>
  <testcase name="logout" time="9.109" classname="com.houseboat.pages.LogoutProfileTest"/>
  <testcase name="@BeforeTest openUrl" time="0.0" classname="com.houseboat.pages.InitialTest">
    <ignored/>
  </testcase> <!-- @BeforeTest openUrl -->
  <testcase name="@BeforeTest openUrl" time="0.0" classname="com.houseboat.pages.InitialTest">
    <ignored/>
  </testcase> <!-- @BeforeTest openUrl -->
  <testcase name="@BeforeTest openUrl" time="0.0" classname="com.houseboat.pages.InitialTest">
    <ignored/>
  </testcase> <!-- @BeforeTest openUrl -->
  <testcase name="@BeforeTest openUrl" time="0.0" classname="com.houseboat.pages.InitialTest">
    <ignored/>
  </testcase> <!-- @BeforeTest openUrl -->
</testsuite> <!-- Houseboat Sign up -->
