<?xml version="1.0" encoding="UTF-8"?>
<!-- Generated by org.testng.reporters.JUnitXMLReporter -->
<testsuite hostname="LAPTOP-1IA10FT6" ignored="4" name="Test" tests="4" failures="0" timestamp="2020-04-10T00:48:52 IST" time="19.918" errors="0">
  <testcase name="homePage" time="2.526" classname="com.houseboat.pages.HomePageTest"/>
  <testcase name="getStarted" time="10.075" classname="com.houseboat.pages.LoginPageTest"/>
  <testcase name="googleSignIn" time="3.318" classname="com.houseboat.pages.AuthSignInTest"/>
  <testcase name="getEmail" time="3.843" classname="com.houseboat.pages.GoogleSignInTest"/>
  <testcase name="@BeforeSuite openUrl" time="0.0" classname="com.houseboat.pages.InitialTest">
    <ignored/>
  </testcase> <!-- @BeforeSuite openUrl -->
  <testcase name="@BeforeSuite openUrl" time="0.0" classname="com.houseboat.pages.InitialTest">
    <ignored/>
  </testcase> <!-- @BeforeSuite openUrl -->
  <testcase name="@BeforeSuite openUrl" time="0.0" classname="com.houseboat.pages.InitialTest">
    <ignored/>
  </testcase> <!-- @BeforeSuite openUrl -->
  <testcase name="@BeforeSuite openUrl" time="0.0" classname="com.houseboat.pages.InitialTest">
    <ignored/>
  </testcase> <!-- @BeforeSuite openUrl -->
</testsuite> <!-- Test -->
