<?xml version="1.0" encoding="UTF-8"?>
<!-- Generated by org.testng.reporters.JUnitXMLReporter -->
<testsuite hostname="LAPTOP-1IA10FT6" ignored="4" name="Test" tests="4" failures="0" timestamp="2020-04-11T01:04:52 IST" time="22.288" errors="0">
  <testcase name="homePage" time="3.112" classname="com.houseboat.pages.HomePageTest"/>
  <testcase name="getStarted" time="9.667" classname="com.houseboat.pages.LoginPageTest"/>
  <testcase name="googleSignIn" time="5.915" classname="com.houseboat.pages.AuthSignInTest"/>
  <testcase name="getEmail" time="3.5" classname="com.houseboat.pages.GoogleSignInTest"/>
  <testcase name="@BeforeSuite openUrl" time="0.0" classname="com.houseboat.pages.InitialTest">
    <ignored/>
  </testcase> <!-- @BeforeSuite openUrl -->
  <testcase name="@BeforeSuite openUrl" time="0.0" classname="com.houseboat.pages.InitialTest">
    <ignored/>
  </testcase> <!-- @BeforeSuite openUrl -->
  <testcase name="@BeforeSuite openUrl" time="0.0" classname="com.houseboat.pages.InitialTest">
    <ignored/>
  </testcase> <!-- @BeforeSuite openUrl -->
  <testcase name="@BeforeSuite openUrl" time="0.0" classname="com.houseboat.pages.InitialTest">
    <ignored/>
  </testcase> <!-- @BeforeSuite openUrl -->
</testsuite> <!-- Test -->
